----------

Tue Sep 22 2020 18:30:05 GMT+0200 (Eastern European Standard Time)

The system cannot find the file specified.


----------

Tue Sep 22 2020 18:30:05 GMT+0200 (Eastern European Standard Time)

C:\xampp-new\htdocs\growth-chem\findrepl.bat(784, 4) Microsoft JScript runtime error: Input past end of file



----------

Tue Sep 22 2020 18:30:05 GMT+0200 (Eastern European Standard Time)

The system cannot find the file specified.


----------

Tue Sep 22 2020 18:30:06 GMT+0200 (Eastern European Standard Time)

C:\xampp-new\htdocs\growth-chem\findrepl.bat(784, 4) Microsoft JScript runtime error: Input past end of file



----------

Tue Sep 22 2020 18:30:06 GMT+0200 (Eastern European Standard Time)

The system cannot find the file specified.


----------

Tue Sep 22 2020 18:30:06 GMT+0200 (Eastern European Standard Time)

C:\xampp-new\htdocs\growth-chem\findrepl.bat(784, 4) Microsoft JScript runtime error: Input past end of file



----------

Tue Sep 22 2020 18:30:06 GMT+0200 (Eastern European Standard Time)

The system cannot find the file specified.


----------

Tue Sep 22 2020 18:30:07 GMT+0200 (Eastern European Standard Time)

C:\xampp-new\htdocs\growth-chem\findrepl.bat(784, 4) Microsoft JScript runtime error: Input past end of file



----------

Tue Sep 22 2020 18:30:08 GMT+0200 (Eastern European Standard Time)

The system cannot find the path specified.


----------

Tue Sep 22 2020 18:30:08 GMT+0200 (Eastern European Standard Time)

The system cannot find the file specified.


----------

Tue Sep 22 2020 18:30:08 GMT+0200 (Eastern European Standard Time)

C:\xampp-new\htdocs\growth-chem\findrepl.bat(784, 4) Microsoft JScript runtime error: Input past end of file



----------

Tue Sep 22 2020 18:30:08 GMT+0200 (Eastern European Standard Time)

The system cannot find the file specified.


----------

Tue Sep 22 2020 18:30:08 GMT+0200 (Eastern European Standard Time)

C:\xampp-new\htdocs\growth-chem\findrepl.bat(784, 4) Microsoft JScript runtime error: Input past end of file



----------

Tue Sep 22 2020 18:30:09 GMT+0200 (Eastern European Standard Time)

The system cannot find the file specified.


----------

Tue Sep 22 2020 18:30:09 GMT+0200 (Eastern European Standard Time)

C:\xampp-new\htdocs\growth-chem\findrepl.bat(784, 4) Microsoft JScript runtime error: Input past end of file



----------

Tue Sep 22 2020 18:30:09 GMT+0200 (Eastern European Standard Time)

The system cannot find the file specified.


----------

Tue Sep 22 2020 18:30:09 GMT+0200 (Eastern European Standard Time)

C:\xampp-new\htdocs\growth-chem\findrepl.bat(784, 4) Microsoft JScript runtime error: Input past end of file



----------

Tue Sep 22 2020 18:30:10 GMT+0200 (Eastern European Standard Time)

The system cannot find the file specified.


----------

Tue Sep 22 2020 18:30:10 GMT+0200 (Eastern European Standard Time)

C:\xampp-new\htdocs\growth-chem\findrepl.bat(784, 4) Microsoft JScript runtime error: Input past end of file



----------

Tue Sep 22 2020 18:30:10 GMT+0200 (Eastern European Standard Time)

The system cannot find the file specified.


----------

Tue Sep 22 2020 18:30:10 GMT+0200 (Eastern European Standard Time)

C:\xampp-new\htdocs\growth-chem\findrepl.bat(784, 4) Microsoft JScript runtime error: Input past end of file



----------

Tue Sep 22 2020 18:30:10 GMT+0200 (Eastern European Standard Time)

The system cannot find the file specified.


----------

Tue Sep 22 2020 18:30:11 GMT+0200 (Eastern European Standard Time)

C:\xampp-new\htdocs\growth-chem\findrepl.bat(784, 4) Microsoft JScript runtime error: Input past end of file



----------

Tue Sep 22 2020 18:51:40 GMT+0200 (Eastern European Standard Time)

The system cannot find the path specified.


----------

Tue Sep 22 2020 18:51:40 GMT+0200 (Eastern European Standard Time)

The system cannot find the file specified.


----------

Tue Sep 22 2020 18:51:40 GMT+0200 (Eastern European Standard Time)

C:\xampp-new\htdocs\growth-chem\findrepl.bat(784, 4) Microsoft JScript runtime error: Input past end of file



----------

Tue Sep 22 2020 18:51:41 GMT+0200 (Eastern European Standard Time)

The system cannot find the file specified.


----------

Tue Sep 22 2020 18:51:41 GMT+0200 (Eastern European Standard Time)

C:\xampp-new\htdocs\growth-chem\findrepl.bat(784, 4) Microsoft JScript runtime error: Input past end of file



----------

Tue Sep 22 2020 18:51:41 GMT+0200 (Eastern European Standard Time)

The system cannot find the file specified.


----------

Tue Sep 22 2020 18:51:42 GMT+0200 (Eastern European Standard Time)

C:\xampp-new\htdocs\growth-chem\findrepl.bat(784, 4) Microsoft JScript runtime error: Input past end of file



